# JRE version: Java(TM) SE Runtime Environment (8.0_05-b13) (build 1.8.0_05-b13)
# Java VM: Java HotSpot(TM) 64-Bit Server VM (25.5-b02 mixed mode bsd-amd64 compressed oops)
Heap:
 PSYoungGen      total 12288K, used 8321K [0x0000000795580000, 0x0000000796680000, 0x00000007c0000000)
  eden space 8704K, 63% used [0x0000000795580000,0x0000000795add798,0x0000000795e00000)
  from space 3584K, 78% used [0x0000000796200000,0x00000007964c3010,0x0000000796580000)
  to   space 4096K, 0% used [0x0000000795e00000,0x0000000795e00000,0x0000000796200000)
 ParOldGen       total 129536K, used 13679K [0x0000000740000000, 0x0000000747e80000, 0x0000000795580000)
  object space 129536K, 10% used [0x0000000740000000,0x0000000740d5bf90,0x0000000747e80000)
 Metaspace       used 17763K, capacity 17928K, committed 18176K, reserved 1064960K
  class space    used 2164K, capacity 2204K, committed 2304K, reserved 1048576K
GC Heap History (10 events):
Event: 7.916 GC heap before
{Heap before GC invocations=8 (full 0):
 PSYoungGen      total 3584K, used 3575K [0x0000000795580000, 0x0000000795d80000, 0x00000007c0000000)
  eden space 2048K, 99% used [0x0000000795580000,0x000000079577df50,0x0000000795780000)
  from space 1536K, 100% used [0x0000000795780000,0x0000000795900000,0x0000000795900000)
  to   space 2048K, 0% used [0x0000000795b80000,0x0000000795b80000,0x0000000795d80000)
 ParOldGen       total 129536K, used 1264K [0x0000000740000000, 0x0000000747e80000, 0x0000000795580000)
  object space 129536K, 0% used [0x0000000740000000,0x000000074013c050,0x0000000747e80000)
 Metaspace       used 12409K, capacity 12534K, committed 12672K, reserved 1060864K
  class space    used 1574K, capacity 1625K, committed 1664K, reserved 1048576K
Event: 7.919 GC heap after
Heap after GC invocations=8 (full 0):
 PSYoungGen      total 5632K, used 1979K [0x0000000795580000, 0x0000000795e80000, 0x00000007c0000000)
  eden space 3584K, 0% used [0x0000000795580000,0x0000000795580000,0x0000000795900000)
  from space 2048K, 96% used [0x0000000795b80000,0x0000000795d6ef38,0x0000000795d80000)
  to   space 2560K, 0% used [0x0000000795900000,0x0000000795900000,0x0000000795b80000)
 ParOldGen       total 129536K, used 1412K [0x0000000740000000, 0x0000000747e80000, 0x0000000795580000)
  object space 129536K, 1% used [0x0000000740000000,0x0000000740161060,0x0000000747e80000)
 Metaspace       used 12409K, capacity 12534K, committed 12672K, reserved 1060864K
  class space    used 1574K, capacity 1625K, committed 1664K, reserved 1048576K
}
Event: 8.099 GC heap before
{Heap before GC invocations=9 (full 0):
 PSYoungGen      total 5632K, used 5563K [0x0000000795580000, 0x0000000795e80000, 0x00000007c0000000)
  eden space 3584K, 100% used [0x0000000795580000,0x0000000795900000,0x0000000795900000)
  from space 2048K, 96% used [0x0000000795b80000,0x0000000795d6ef38,0x0000000795d80000)
  to   space 2560K, 0% used [0x0000000795900000,0x0000000795900000,0x0000000795b80000)
 ParOldGen       total 129536K, used 1412K [0x0000000740000000, 0x0000000747e80000, 0x0000000795580000)
  object space 129536K, 1% used [0x0000000740000000,0x0000000740161060,0x0000000747e80000)
 Metaspace       used 14238K, capacity 14358K, committed 14592K, reserved 1062912K
  class space    used 1758K, capacity 1785K, committed 1792K, reserved 1048576K
Event: 8.103 GC heap after
Heap after GC invocations=9 (full 0):
 PSYoungGen      total 6144K, used 2542K [0x0000000795580000, 0x0000000796180000, 0x00000007c0000000)
  eden space 3584K, 0% used [0x0000000795580000,0x0000000795580000,0x0000000795900000)
  from space 2560K, 99% used [0x0000000795900000,0x0000000795b7b880,0x0000000795b80000)
  to   space 3072K, 0% used [0x0000000795e80000,0x0000000795e80000,0x0000000796180000)
 ParOldGen       total 129536K, used 2316K [0x0000000740000000, 0x0000000747e80000, 0x0000000795580000)
  object space 129536K, 1% used [0x0000000740000000,0x00000007402432f0,0x0000000747e80000)
 Metaspace       used 14238K, capacity 14358K, committed 14592K, reserved 1062912K
  class space    used 1758K, capacity 1785K, committed 1792K, reserved 1048576K
}
Event: 10.977 GC heap before
{Heap before GC invocations=10 (full 0):
 PSYoungGen      total 6144K, used 6126K [0x0000000795580000, 0x0000000796180000, 0x00000007c0000000)
  eden space 3584K, 100% used [0x0000000795580000,0x0000000795900000,0x0000000795900000)
  from space 2560K, 99% used [0x0000000795900000,0x0000000795b7b880,0x0000000795b80000)
  to   space 3072K, 0% used [0x0000000795e80000,0x0000000795e80000,0x0000000796180000)
 ParOldGen       total 129536K, used 2316K [0x0000000740000000, 0x0000000747e80000, 0x0000000795580000)
  object space 129536K, 1% used [0x0000000740000000,0x00000007402432f0,0x0000000747e80000)
 Metaspace       used 16498K, capacity 16616K, committed 16768K, reserved 1064960K
  class space    used 2039K, capacity 2108K, committed 2176K, reserved 1048576K
Event: 10.985 GC heap after
Heap after GC invocations=10 (full 0):
 PSYoungGen      total 8704K, used 2474K [0x0000000795580000, 0x0000000796280000, 0x00000007c0000000)
  eden space 5632K, 0% used [0x0000000795580000,0x0000000795580000,0x0000000795b00000)
  from space 3072K, 80% used [0x0000000795e80000,0x00000007960eaa68,0x0000000796180000)
  to   space 3584K, 0% used [0x0000000795b00000,0x0000000795b00000,0x0000000795e80000)
 ParOldGen       total 129536K, used 3252K [0x0000000740000000, 0x0000000747e80000, 0x0000000795580000)
  object space 129536K, 2% used [0x0000000740000000,0x000000074032d300,0x0000000747e80000)
 Metaspace       used 16498K, capacity 16616K, committed 16768K, reserved 1064960K
  class space    used 2039K, capacity 2108K, committed 2176K, reserved 1048576K
}
Event: 11.829 GC heap before
{Heap before GC invocations=11 (full 0):
 PSYoungGen      total 8704K, used 5504K [0x0000000795580000, 0x0000000796280000, 0x00000007c0000000)
  eden space 5632K, 53% used [0x0000000795580000,0x0000000795875668,0x0000000795b00000)
  from space 3072K, 80% used [0x0000000795e80000,0x00000007960eaa68,0x0000000796180000)
  to   space 3584K, 0% used [0x0000000795b00000,0x0000000795b00000,0x0000000795e80000)
 ParOldGen       total 129536K, used 3252K [0x0000000740000000, 0x0000000747e80000, 0x0000000795580000)
  object space 129536K, 2% used [0x0000000740000000,0x000000074032d300,0x0000000747e80000)
 Metaspace       used 17247K, capacity 17384K, committed 17536K, reserved 1064960K
  class space    used 2126K, capacity 2172K, committed 2176K, reserved 1048576K
Event: 11.833 GC heap after
Heap after GC invocations=11 (full 0):
 PSYoungGen      total 9216K, used 2892K [0x0000000795580000, 0x0000000796580000, 0x00000007c0000000)
  eden space 5632K, 0% used [0x0000000795580000,0x0000000795580000,0x0000000795b00000)
  from space 3584K, 80% used [0x0000000795b00000,0x0000000795dd3048,0x0000000795e80000)
  to   space 3584K, 0% used [0x0000000796200000,0x0000000796200000,0x0000000796580000)
 ParOldGen       total 129536K, used 5479K [0x0000000740000000, 0x0000000747e80000, 0x0000000795580000)
  object space 129536K, 4% used [0x0000000740000000,0x0000000740559ef8,0x0000000747e80000)
 Metaspace       used 17247K, capacity 17384K, committed 17536K, reserved 1064960K
  class space    used 2126K, capacity 2172K, committed 2176K, reserved 1048576K
}
Event: 11.869 GC heap before
{Heap before GC invocations=12 (full 0):
 PSYoungGen      total 9216K, used 7234K [0x0000000795580000, 0x0000000796580000, 0x00000007c0000000)
  eden space 5632K, 77% used [0x0000000795580000,0x00000007959bda00,0x0000000795b00000)
  from space 3584K, 80% used [0x0000000795b00000,0x0000000795dd3048,0x0000000795e80000)
  to   space 3584K, 0% used [0x0000000796200000,0x0000000796200000,0x0000000796580000)
 ParOldGen       total 129536K, used 5479K [0x0000000740000000, 0x0000000747e80000, 0x0000000795580000)
  object space 129536K, 4% used [0x0000000740000000,0x0000000740559ef8,0x0000000747e80000)
 Metaspace       used 17533K, capacity 17672K, committed 17920K, reserved 1064960K
  class space    used 2158K, capacity 2204K, committed 2304K, reserved 1048576K
Event: 11.885 GC heap after
Heap after GC invocations=12 (full 0):
 PSYoungGen      total 12288K, used 2828K [0x0000000795580000, 0x0000000796680000, 0x00000007c0000000)
  eden space 8704K, 0% used [0x0000000795580000,0x0000000795580000,0x0000000795e00000)
  from space 3584K, 78% used [0x0000000796200000,0x00000007964c3010,0x0000000796580000)
  to   space 4096K, 0% used [0x0000000795e00000,0x0000000795e00000,0x0000000796200000)
 ParOldGen       total 129536K, used 13679K [0x0000000740000000, 0x0000000747e80000, 0x0000000795580000)
  object space 129536K, 10% used [0x0000000740000000,0x0000000740d5bf90,0x0000000747e80000)
 Metaspace       used 17533K, capacity 17672K, committed 17920K, reserved 1064960K
  class space    used 2158K, capacity 2204K, committed 2304K, reserved 1048576K
}

